[Fri May 19 12:07:04.310735 2017] [mpm_prefork:notice] [pid 1] AH00163: Apache/2.4.10 (Debian) PHP/7.1.5 configured -- resuming normal operations
[Fri May 19 12:07:04.310792 2017] [core:notice] [pid 1] AH00094: Command line: 'apache2 -D FOREGROUND'
[Fri May 19 12:12:04.743892 2017] [mpm_prefork:notice] [pid 1] AH00163: Apache/2.4.10 (Debian) PHP/7.1.5 configured -- resuming normal operations
[Fri May 19 12:12:04.743935 2017] [core:notice] [pid 1] AH00094: Command line: 'apache2 -D FOREGROUND'
[Fri May 19 12:12:13.838048 2017] [mpm_prefork:notice] [pid 1] AH00169: caught SIGTERM, shutting down
[Fri May 19 12:25:05.191029 2017] [mpm_prefork:notice] [pid 1] AH00163: Apache/2.4.10 (Debian) PHP/7.1.5 configured -- resuming normal operations
[Fri May 19 12:25:05.191240 2017] [core:notice] [pid 1] AH00094: Command line: 'apache2 -D FOREGROUND'
[Fri May 19 12:28:00.972787 2017] [mpm_prefork:notice] [pid 1] AH00163: Apache/2.4.10 (Debian) PHP/7.1.5 configured -- resuming normal operations
[Fri May 19 12:28:00.973002 2017] [core:notice] [pid 1] AH00094: Command line: 'apache2 -D FOREGROUND'
[Fri May 19 12:32:44.917075 2017] [mpm_prefork:notice] [pid 1] AH00169: caught SIGTERM, shutting down
[Fri May 19 12:45:01.616689 2017] [mpm_prefork:notice] [pid 1] AH00163: Apache/2.4.10 (Debian) PHP/7.1.5 configured -- resuming normal operations
[Fri May 19 12:45:01.616828 2017] [core:notice] [pid 1] AH00094: Command line: 'apache2 -D FOREGROUND'
[Fri May 19 12:45:08.624597 2017] [mpm_prefork:notice] [pid 1] AH00169: caught SIGTERM, shutting down
[Fri May 19 12:46:44.598446 2017] [mpm_prefork:notice] [pid 1] AH00163: Apache/2.4.10 (Debian) PHP/7.1.5 configured -- resuming normal operations
[Fri May 19 12:46:44.598505 2017] [core:notice] [pid 1] AH00094: Command line: 'apache2 -D FOREGROUND'
[Fri May 19 12:46:49.599949 2017] [mpm_prefork:notice] [pid 1] AH00169: caught SIGTERM, shutting down
[Fri May 19 12:47:34.889935 2017] [mpm_prefork:notice] [pid 1] AH00163: Apache/2.4.10 (Debian) PHP/7.1.5 configured -- resuming normal operations
[Fri May 19 12:47:34.889969 2017] [core:notice] [pid 1] AH00094: Command line: 'apache2 -D FOREGROUND'
[Fri May 19 13:02:38.204360 2017] [mpm_prefork:notice] [pid 1] AH00163: Apache/2.4.10 (Debian) PHP/7.1.5 configured -- resuming normal operations
[Fri May 19 13:02:38.204404 2017] [core:notice] [pid 1] AH00094: Command line: 'apache2 -D FOREGROUND'
[Fri May 19 13:03:31.268304 2017] [mpm_prefork:notice] [pid 1] AH00169: caught SIGTERM, shutting down
[Fri May 19 13:03:49.270768 2017] [mpm_prefork:notice] [pid 1] AH00163: Apache/2.4.10 (Debian) PHP/7.1.5 configured -- resuming normal operations
[Fri May 19 13:03:49.270816 2017] [core:notice] [pid 1] AH00094: Command line: 'apache2 -D FOREGROUND'
[Fri May 19 13:04:49.560291 2017] [mpm_prefork:notice] [pid 1] AH00169: caught SIGTERM, shutting down
[Fri May 19 13:04:54.201801 2017] [mpm_prefork:notice] [pid 1] AH00163: Apache/2.4.10 (Debian) PHP/7.1.5 configured -- resuming normal operations
[Fri May 19 13:04:54.201848 2017] [core:notice] [pid 1] AH00094: Command line: 'apache2 -D FOREGROUND'
[Fri May 19 13:05:30.902451 2017] [mpm_prefork:notice] [pid 1] AH00169: caught SIGTERM, shutting down
[Fri May 19 13:05:50.612872 2017] [mpm_prefork:notice] [pid 1] AH00163: Apache/2.4.10 (Debian) PHP/7.1.5 configured -- resuming normal operations
[Fri May 19 13:05:50.612922 2017] [core:notice] [pid 1] AH00094: Command line: 'apache2 -D FOREGROUND'
[Fri May 19 13:06:28.742372 2017] [mpm_prefork:notice] [pid 1] AH00169: caught SIGTERM, shutting down
[Fri May 19 13:06:36.170862 2017] [mpm_prefork:notice] [pid 1] AH00163: Apache/2.4.10 (Debian) PHP/7.1.5 configured -- resuming normal operations
[Fri May 19 13:06:36.170912 2017] [core:notice] [pid 1] AH00094: Command line: 'apache2 -D FOREGROUND'
[Fri May 19 13:07:26.692959 2017] [php7:error] [pid 47] [client 192.168.64.1:54274] PHP Fatal error:  Uncaught Elasticsearch\\Common\\Exceptions\\NoNodesAvailableException: No alive nodes found in your cluster in /var/www/vendor/elasticsearch/elasticsearch/src/Elasticsearch/ConnectionPool/StaticNoPingConnectionPool.php:51\nStack trace:\n#0 /var/www/vendor/elasticsearch/elasticsearch/src/Elasticsearch/Transport.php(71): Elasticsearch\\ConnectionPool\\StaticNoPingConnectionPool->nextConnection()\n#1 /var/www/vendor/elasticsearch/elasticsearch/src/Elasticsearch/Transport.php(89): Elasticsearch\\Transport->getConnection()\n#2 /var/www/vendor/elasticsearch/elasticsearch/src/Elasticsearch/Connections/Connection.php(229): Elasticsearch\\Transport->performRequest('GET', '/digipeyk/place...', Array, '{"_source":["id...', Array)\n#3 /var/www/vendor/react/promise/src/FulfilledPromise.php(25): Elasticsearch\\Connections\\Connection->Elasticsearch\\Connections\\{closure}(Array)\n#4 /var/www/vendor/guzzlehttp/ringphp/src/Future/CompletedFutureValue.php(55): React\\Promise\\FulfilledPromise->then(Object(Closure), NULL, NULL)\n#5 /var/www/vendo in /var/www/vendor/elasticsearch/elasticsearch/src/Elasticsearch/ConnectionPool/StaticNoPingConnectionPool.php on line 51
[Fri May 19 13:19:53.026036 2017] [php7:error] [pid 49] [client 192.168.64.1:37170] PHP Fatal error:  Uncaught Elasticsearch\\Common\\Exceptions\\NoNodesAvailableException: No alive nodes found in your cluster in /var/www/vendor/elasticsearch/elasticsearch/src/Elasticsearch/ConnectionPool/StaticNoPingConnectionPool.php:51\nStack trace:\n#0 /var/www/vendor/elasticsearch/elasticsearch/src/Elasticsearch/Transport.php(71): Elasticsearch\\ConnectionPool\\StaticNoPingConnectionPool->nextConnection()\n#1 /var/www/vendor/elasticsearch/elasticsearch/src/Elasticsearch/Transport.php(89): Elasticsearch\\Transport->getConnection()\n#2 /var/www/vendor/elasticsearch/elasticsearch/src/Elasticsearch/Connections/Connection.php(229): Elasticsearch\\Transport->performRequest('GET', '/digipeyk/place...', Array, '{"_source":["id...', Array)\n#3 /var/www/vendor/react/promise/src/FulfilledPromise.php(25): Elasticsearch\\Connections\\Connection->Elasticsearch\\Connections\\{closure}(Array)\n#4 /var/www/vendor/guzzlehttp/ringphp/src/Future/CompletedFutureValue.php(55): React\\Promise\\FulfilledPromise->then(Object(Closure), NULL, NULL)\n#5 /var/www/vendo in /var/www/vendor/elasticsearch/elasticsearch/src/Elasticsearch/ConnectionPool/StaticNoPingConnectionPool.php on line 51
[Fri May 19 13:36:14.498665 2017] [mpm_prefork:notice] [pid 1] AH00169: caught SIGTERM, shutting down
[Fri May 19 13:36:27.865316 2017] [mpm_prefork:notice] [pid 1] AH00163: Apache/2.4.10 (Debian) PHP/7.1.5 configured -- resuming normal operations
[Fri May 19 13:36:27.865400 2017] [core:notice] [pid 1] AH00094: Command line: 'apache2 -D FOREGROUND'
[Fri May 19 13:37:48.700163 2017] [mpm_prefork:notice] [pid 1] AH00169: caught SIGTERM, shutting down
[Fri May 19 14:10:31.940609 2017] [mpm_prefork:notice] [pid 44] AH00163: Apache/2.4.10 (Debian) PHP/7.1.5 configured -- resuming normal operations
[Fri May 19 14:10:31.941265 2017] [core:notice] [pid 44] AH00094: Command line: '/usr/sbin/apache2 -D FOREGROUND'
[Fri May 19 14:12:43.060968 2017] [mpm_prefork:notice] [pid 45] AH00163: Apache/2.4.10 (Debian) PHP/7.1.5 configured -- resuming normal operations
[Fri May 19 14:12:43.061266 2017] [core:notice] [pid 45] AH00094: Command line: '/usr/sbin/apache2 -D FOREGROUND'
[Fri May 19 14:14:13.952977 2017] [mpm_prefork:notice] [pid 43] AH00163: Apache/2.4.10 (Debian) PHP/7.1.5 configured -- resuming normal operations
[Fri May 19 14:14:13.953033 2017] [core:notice] [pid 43] AH00094: Command line: '/usr/sbin/apache2 -D FOREGROUND'
[Fri May 19 14:16:01.203464 2017] [mpm_prefork:notice] [pid 44] AH00163: Apache/2.4.10 (Debian) PHP/7.1.5 configured -- resuming normal operations
[Fri May 19 14:16:01.203512 2017] [core:notice] [pid 44] AH00094: Command line: '/usr/sbin/apache2 -D FOREGROUND'
